{
  "stats": {
    "suites": 1,
    "tests": 1,
    "passes": 1,
    "pending": 0,
    "failures": 0,
    "start": "2025-03-13T13:29:54.459Z",
    "end": "2025-03-13T13:29:54.464Z",
    "duration": 5,
    "testsRegistered": 1,
    "passPercent": 100,
    "pendingPercent": 0,
    "other": 0,
    "hasOther": false,
    "skipped": 0,
    "hasSkipped": false
  },
  "results": [
    {
      "uuid": "dad9110a-2348-471c-afdb-043cf1a29423",
      "title": "",
      "fullFile": "D:\\huashengweb\\test\\basic.test.js",
      "file": "\\test\\basic.test.js",
      "beforeHooks": [],
      "afterHooks": [],
      "tests": [],
      "suites": [
        {
          "uuid": "12ebbaba-ae20-4469-b606-dce584f10250",
          "title": "基础测试套件",
          "fullFile": "D:\\huashengweb\\test\\basic.test.js",
          "file": "\\test\\basic.test.js",
          "beforeHooks": [],
          "afterHooks": [],
          "tests": [
            {
              "title": "应该通过一个简单的测试",
              "fullTitle": "基础测试套件 应该通过一个简单的测试",
              "timedOut": false,
              "duration": 0,
              "state": "passed",
              "speed": "fast",
              "pass": true,
              "fail": false,
              "pending": false,
              "context": null,
              "code": "// 这是一个基本的测试用例\nconsole.log('执行测试用例');",
              "err": {},
              "uuid": "3f28c072-28ec-4825-8af0-a8251a1fff31",
              "parentUUID": "12ebbaba-ae20-4469-b606-dce584f10250",
              "isHook": false,
              "skipped": false
            }
          ],
          "suites": [],
          "passes": [
            "3f28c072-28ec-4825-8af0-a8251a1fff31"
          ],
          "failures": [],
          "pending": [],
          "skipped": [],
          "duration": 0,
          "root": false,
          "rootEmpty": false,
          "_timeout": 2000
        }
      ],
      "passes": [],
      "failures": [],
      "pending": [],
      "skipped": [],
      "duration": 0,
      "root": true,
      "rootEmpty": true,
      "_timeout": 2000
    }
  ],
  "meta": {
    "mocha": {
      "version": "10.8.2"
    },
    "mochawesome": {
      "options": {
        "quiet": false,
        "reportFilename": "mochawesome",
        "saveHtml": true,
        "saveJson": true,
        "consoleReporter": "spec",
        "useInlineDiffs": false,
        "code": true
      },
      "version": "7.1.3"
    },
    "marge": {
      "options": {
        "[object Object]": true
      },
      "version": "6.2.0"
    }
  }
}